Assembler report for fpga
Sun May 01 19:09:58 2022
Quartus Prime Version 20.1.1 Build 720 11/11/2020 SJ Lite Edition


---------------------
; Table of Contents ;
---------------------
  1. Legal Notice
  2. Assembler Summary
  3. Assembler Settings
  4. Assembler Generated Files
  5. Assembler Device Options: C:/Users/Jacob/Documents/ECE441/ece441final/final/network/synthesis/fpga.sof
  6. Assembler Device Options: C:/Users/Jacob/Documents/ECE441/ece441final/final/network/synthesis/fpga.ttf
  7. Assembler Messages



----------------
; Legal Notice ;
----------------
Copyright (C) 2020  Intel Corporation. All rights reserved.
Your use of Intel Corporation's design tools, logic functions 
and other software and tools, and any partner logic 
functions, and any output files from any of the foregoing 
(including device programming or simulation files), and any 
associated documentation or information are expressly subject 
to the terms and conditions of the Intel Program License 
Subscription Agreement, the Intel Quartus Prime License Agreement,
the Intel FPGA IP License Agreement, or other applicable license
agreement, including, without limitation, that your use is for
the sole purpose of programming logic devices manufactured by
Intel and sold by Intel or its authorized distributors.  Please
refer to the applicable agreement for further details, at
https://fpgasoftware.intel.com/eula.



+---------------------------------------------------------------+
; Assembler Summary                                             ;
+-----------------------+---------------------------------------+
; Assembler Status      ; Successful - Sun May 01 19:09:58 2022 ;
; Revision Name         ; fpga                                  ;
; Top-level Entity Name ; fpga                                  ;
; Family                ; Cyclone V                             ;
; Device                ; 5CSXFC6D6F31C6                        ;
+-----------------------+---------------------------------------+


+----------------------------------+
; Assembler Settings               ;
+--------+---------+---------------+
; Option ; Setting ; Default Value ;
+--------+---------+---------------+


+------------------------------------------------------------------------------+
; Assembler Generated Files                                                    ;
+------------------------------------------------------------------------------+
; File Name                                                                    ;
+------------------------------------------------------------------------------+
; C:/Users/Jacob/Documents/ECE441/ece441final/final/network/synthesis/fpga.sof ;
; C:/Users/Jacob/Documents/ECE441/ece441final/final/network/synthesis/fpga.ttf ;
+------------------------------------------------------------------------------+


+--------------------------------------------------------------------------------------------------------+
; Assembler Device Options: C:/Users/Jacob/Documents/ECE441/ece441final/final/network/synthesis/fpga.sof ;
+----------------+---------------------------------------------------------------------------------------+
; Option         ; Setting                                                                               ;
+----------------+---------------------------------------------------------------------------------------+
; JTAG usercode  ; 0x03192EA5                                                                            ;
; Checksum       ; 0x03192EA5                                                                            ;
+----------------+---------------------------------------------------------------------------------------+


+--------------------------------------------------------------------------------------------------------+
; Assembler Device Options: C:/Users/Jacob/Documents/ECE441/ece441final/final/network/synthesis/fpga.ttf ;
+--------------------+-----------------------------------------------------------------------------------+
; Option             ; Setting                                                                           ;
+--------------------+-----------------------------------------------------------------------------------+
; Tabular Text File  ;                                                                                   ;
+--------------------+-----------------------------------------------------------------------------------+


+--------------------+
; Assembler Messages ;
+--------------------+
Info: *******************************************************************
Info: Running Quartus Prime Assembler
    Info: Version 20.1.1 Build 720 11/11/2020 SJ Lite Edition
    Info: Processing started: Sun May 01 19:09:22 2022
Info: Command: quartus_asm --read_settings_files=off --write_settings_files=off network -c fpga
Info (115030): Assembler is generating device programming files
Info: Quartus Prime Assembler was successful. 0 errors, 0 warnings
    Info: Peak virtual memory: 5076 megabytes
    Info: Processing ended: Sun May 01 19:09:58 2022
    Info: Elapsed time: 00:00:36
    Info: Total CPU time (on all processors): 00:00:33


