Active-HDL 12.0.118.7745 2022-04-26 16:25:05

Elaboration top modules:
Architecture                  TB_ARCHITECTURE(fpga_tb)


--------------------------------------------------------------------------------------------
Entity   | Architecture    | Library | Info | Compiler Version        | Compilation Options
--------------------------------------------------------------------------------------------
fpga_tb  | TB_ARCHITECTURE | network |      | 12.0.118.7745 (Windows) | -O3
fpga     | fpga            | network |      | 12.0.118.7745 (Windows) | -O3
network  | network         | network |      | 12.0.118.7745 (Windows) | -O3
--------------------------------------------------------------------------------------------

--------------------------------------------------------------------------------------------
VHDL Package               | Library | Info | Compiler Version        | Compilation Options
--------------------------------------------------------------------------------------------
standard                   | std     |      |                         | <unavailable>
TEXTIO                     | std     |      |                         | <unavailable>
std_logic_1164             | ieee    |      |                         | <unavailable>
NUMERIC_STD                | ieee    |      |                         | <unavailable>
project_package            | network |      |                         | <unavailable>
--------------------------------------------------------------------------------------------

--------------------------------------------------------------------------------------------
Library                    | Comment
--------------------------------------------------------------------------------------------
ieee                       | Standard IEEE packages library
network                    | None
std                        | Standard VHDL library
--------------------------------------------------------------------------------------------


Simulation Options: asim -O5 +access +r +m+fpga_tb fpga_tb TB_ARCHITECTURE


The performance of simulation is reduced. Version EDU Edition
